<?xml version="1.0" encoding="UTF-8"?>
<!-- Generated by org.testng.reporters.JUnitXMLReporter -->
<testsuite ignored="0" hostname="Dev-PC" failures="0" tests="4" name="Test" time="9.751" errors="0" timestamp="2025-04-23T15:03:09 IST">
  <testcase classname="api.testcases.UserTest" name="testCreateUser" time="3.738"/>
  <testcase classname="api.testcases.UserTest" name="testGetUserData" time="1.172"/>
  <testcase classname="api.testcases.UserTest" name="testUpdateUser" time="2.295"/>
  <testcase classname="api.testcases.UserTest" name="testDeleteUser" time="1.142"/>
</testsuite> <!-- Test -->
