<?xml version="1.0" encoding="UTF-8"?>
<testng-results ignored="0" total="4" passed="4" failed="0" skipped="0">
  <reporter-output>
  </reporter-output>
  <suite started-at="2025-04-23T15:02:59 IST" name="Suite" finished-at="2025-04-23T15:03:09 IST" duration-ms="9751">
    <groups>
    </groups>
    <test started-at="2025-04-23T15:02:59 IST" name="Test" finished-at="2025-04-23T15:03:09 IST" duration-ms="9751">
      <class name="api.testcases.UserTest">
        <test-method is-config="true" signature="generateTestData()[pri:0, instance:api.testcases.UserTest@35cabb2a]" started-at="2025-04-23T15:03:00 IST" name="generateTestData" finished-at="2025-04-23T15:03:01 IST" duration-ms="1052" status="PASS">
          <reporter-output>
          </reporter-output>
        </test-method> <!-- generateTestData -->
        <test-method signature="testCreateUser()[pri:1, instance:api.testcases.UserTest@35cabb2a]" started-at="2025-04-23T15:03:01 IST" name="testCreateUser" finished-at="2025-04-23T15:03:04 IST" duration-ms="3738" status="PASS">
          <reporter-output>
          </reporter-output>
        </test-method> <!-- testCreateUser -->
        <test-method signature="testGetUserData()[pri:2, instance:api.testcases.UserTest@35cabb2a]" started-at="2025-04-23T15:03:04 IST" name="testGetUserData" finished-at="2025-04-23T15:03:06 IST" depends-on-methods="api.testcases.UserTest.testCreateUser" duration-ms="1172" status="PASS">
          <reporter-output>
          </reporter-output>
        </test-method> <!-- testGetUserData -->
        <test-method signature="testUpdateUser()[pri:3, instance:api.testcases.UserTest@35cabb2a]" started-at="2025-04-23T15:03:06 IST" name="testUpdateUser" finished-at="2025-04-23T15:03:08 IST" duration-ms="2295" status="PASS">
          <reporter-output>
          </reporter-output>
        </test-method> <!-- testUpdateUser -->
        <test-method signature="testDeleteUser()[pri:4, instance:api.testcases.UserTest@35cabb2a]" started-at="2025-04-23T15:03:08 IST" name="testDeleteUser" finished-at="2025-04-23T15:03:09 IST" duration-ms="1142" status="PASS">
          <reporter-output>
          </reporter-output>
        </test-method> <!-- testDeleteUser -->
      </class> <!-- api.testcases.UserTest -->
    </test> <!-- Test -->
  </suite> <!-- Suite -->
</testng-results>
